2018-09-22 10:47:53.613  INFO 15300 --- [main] com.fenbi.mvctest.SpringbootApplication  : Starting SpringbootApplication on chen with PID 15300 (E:\develop\springboot\springboot\target\classes started by chen in E:\develop\springboot\springboot)
2018-09-22 10:47:53.619  INFO 15300 --- [main] com.fenbi.mvctest.SpringbootApplication  : No active profile set, falling back to default profiles: default
2018-09-22 10:47:53.787  INFO 15300 --- [main] ationConfigEmbeddedWebApplicationContext : Refreshing org.springframework.boot.context.embedded.AnnotationConfigEmbeddedWebApplicationContext@516be40f: startup date [Sat Sep 22 10:47:53 CST 2018]; root of context hierarchy
2018-09-22 10:47:57.274  INFO 15300 --- [main] s.b.c.e.t.TomcatEmbeddedServletContainer : Tomcat initialized with port(s): 8011 (http)
2018-09-22 10:47:57.368  INFO 15300 --- [main] o.apache.catalina.core.StandardService   : Starting service [Tomcat]
2018-09-22 10:47:57.369  INFO 15300 --- [main] org.apache.catalina.core.StandardEngine  : Starting Servlet Engine: Apache Tomcat/8.5.34
2018-09-22 10:47:57.665  INFO 15300 --- [localhost-startStop-1] o.a.c.c.C.[.[localhost].[/springboot]    : Initializing Spring embedded WebApplicationContext
2018-09-22 10:47:57.666  INFO 15300 --- [localhost-startStop-1] o.s.web.context.ContextLoader            : Root WebApplicationContext: initialization completed in 3901 ms
2018-09-22 10:47:57.870  INFO 15300 --- [localhost-startStop-1] o.s.b.w.servlet.ServletRegistrationBean  : Mapping servlet: 'dispatcherServlet' to [/]
2018-09-22 10:47:57.874  INFO 15300 --- [localhost-startStop-1] o.s.b.w.servlet.FilterRegistrationBean   : Mapping filter: 'characterEncodingFilter' to: [/*]
2018-09-22 10:47:57.874  INFO 15300 --- [localhost-startStop-1] o.s.b.w.servlet.FilterRegistrationBean   : Mapping filter: 'hiddenHttpMethodFilter' to: [/*]
2018-09-22 10:47:57.874  INFO 15300 --- [localhost-startStop-1] o.s.b.w.servlet.FilterRegistrationBean   : Mapping filter: 'httpPutFormContentFilter' to: [/*]
2018-09-22 10:47:57.875  INFO 15300 --- [localhost-startStop-1] o.s.b.w.servlet.FilterRegistrationBean   : Mapping filter: 'requestContextFilter' to: [/*]
2018-09-22 10:47:59.159  INFO 15300 --- [main] s.w.s.m.m.a.RequestMappingHandlerAdapter : Looking for @ControllerAdvice: org.springframework.boot.context.embedded.AnnotationConfigEmbeddedWebApplicationContext@516be40f: startup date [Sat Sep 22 10:47:53 CST 2018]; root of context hierarchy
2018-09-22 10:47:59.291  INFO 15300 --- [main] s.w.s.m.m.a.RequestMappingHandlerMapping : Mapped "{[/admin/getAccess]}" onto public com.fenbi.mvctest.entity.FenbiResult com.fenbi.mvctest.controller.AdminControl.getAccess(javax.servlet.http.HttpSession)
2018-09-22 10:47:59.294  INFO 15300 --- [main] s.w.s.m.m.a.RequestMappingHandlerMapping : Mapped "{[/admin/logout.do]}" onto public java.lang.String com.fenbi.mvctest.controller.AdminControl.logout(javax.servlet.http.HttpSession,javax.servlet.http.HttpServletResponse)
2018-09-22 10:47:59.296  INFO 15300 --- [main] s.w.s.m.m.a.RequestMappingHandlerMapping : Mapped "{[/admin/login.do]}" onto public com.fenbi.mvctest.entity.FenbiResult com.fenbi.mvctest.controller.AdminControl.login(java.lang.String,java.lang.String,javax.servlet.http.HttpServletResponse,javax.servlet.http.HttpSession) throws java.io.UnsupportedEncodingException
2018-09-22 10:47:59.297  INFO 15300 --- [main] s.w.s.m.m.a.RequestMappingHandlerMapping : Mapped "{[/admin/add]}" onto public com.fenbi.mvctest.entity.FenbiResult com.fenbi.mvctest.controller.AdminControl.addLesson(com.fenbi.mvctest.entity.Admin)
2018-09-22 10:47:59.297  INFO 15300 --- [main] s.w.s.m.m.a.RequestMappingHandlerMapping : Mapped "{[/admin/admins]}" onto public com.fenbi.mvctest.entity.FenbiResult com.fenbi.mvctest.controller.AdminControl.selectAll(java.lang.String,int)
2018-09-22 10:47:59.297  INFO 15300 --- [main] s.w.s.m.m.a.RequestMappingHandlerMapping : Mapped "{[/admin/count]}" onto public com.fenbi.mvctest.entity.FenbiResult com.fenbi.mvctest.controller.AdminControl.adminCount(java.lang.String)
2018-09-22 10:47:59.298  INFO 15300 --- [main] s.w.s.m.m.a.RequestMappingHandlerMapping : Mapped "{[/admin/export]}" onto public void com.fenbi.mvctest.controller.AdminControl.createExcel(javax.servlet.http.HttpServletResponse)
2018-09-22 10:47:59.300  INFO 15300 --- [main] s.w.s.m.m.a.RequestMappingHandlerMapping : Mapped "{[/admin/update]}" onto public com.fenbi.mvctest.entity.FenbiResult com.fenbi.mvctest.controller.AdminControl.updateAdmin(com.fenbi.mvctest.entity.Admin)
2018-09-22 10:47:59.309  INFO 15300 --- [main] s.w.s.m.m.a.RequestMappingHandlerMapping : Mapped "{[/admin/updateRoles]}" onto public com.fenbi.mvctest.entity.FenbiResult com.fenbi.mvctest.controller.AdminControl.updateRoles(int,int[])
2018-09-22 10:47:59.311  INFO 15300 --- [main] s.w.s.m.m.a.RequestMappingHandlerMapping : Mapped "{[/admin/getRoleByadminId]}" onto public com.fenbi.mvctest.entity.FenbiResult com.fenbi.mvctest.controller.AdminControl.getRoleByadminId(int)
2018-09-22 10:47:59.312  INFO 15300 --- [main] s.w.s.m.m.a.RequestMappingHandlerMapping : Mapped "{[/admin/getAdminById]}" onto public com.fenbi.mvctest.entity.FenbiResult com.fenbi.mvctest.controller.AdminControl.getAdminById(int)
2018-09-22 10:47:59.317  INFO 15300 --- [main] s.w.s.m.m.a.RequestMappingHandlerMapping : Mapped "{[/admin/delete]}" onto public com.fenbi.mvctest.entity.FenbiResult com.fenbi.mvctest.controller.AdminControl.deleteAdmin(int)
2018-09-22 10:47:59.327  INFO 15300 --- [main] s.w.s.m.m.a.RequestMappingHandlerMapping : Mapped "{[/course/updateStatus]}" onto public com.fenbi.mvctest.entity.FenbiResult com.fenbi.mvctest.controller.CourseControl.updateStatus(int,int)
2018-09-22 10:47:59.328  INFO 15300 --- [main] s.w.s.m.m.a.RequestMappingHandlerMapping : Mapped "{[/course/addCourse]}" onto public com.fenbi.mvctest.entity.FenbiResult com.fenbi.mvctest.controller.CourseControl.addCourse(com.fenbi.mvctest.entity.Course,java.lang.String,java.lang.String)
2018-09-22 10:47:59.329  INFO 15300 --- [main] s.w.s.m.m.a.RequestMappingHandlerMapping : Mapped "{[/course/upload.do]}" onto public java.lang.String com.fenbi.mvctest.controller.CourseControl.upload(org.springframework.web.multipart.MultipartFile,javax.servlet.http.HttpServletRequest) throws java.io.IOException
2018-09-22 10:47:59.330  INFO 15300 --- [main] s.w.s.m.m.a.RequestMappingHandlerMapping : Mapped "{[/course/countAll]}" onto public com.fenbi.mvctest.entity.FenbiResult com.fenbi.mvctest.controller.CourseControl.countAll(java.lang.String)
2018-09-22 10:47:59.331  INFO 15300 --- [main] s.w.s.m.m.a.RequestMappingHandlerMapping : Mapped "{[/course/getCourseById]}" onto public com.fenbi.mvctest.entity.FenbiResult com.fenbi.mvctest.controller.CourseControl.getCourseById(int)
2018-09-22 10:47:59.338  INFO 15300 --- [main] s.w.s.m.m.a.RequestMappingHandlerMapping : Mapped "{[/course/selectAll]}" onto public com.fenbi.mvctest.entity.FenbiResult com.fenbi.mvctest.controller.CourseControl.selectCourse(java.lang.String,int)
2018-09-22 10:47:59.339  INFO 15300 --- [main] s.w.s.m.m.a.RequestMappingHandlerMapping : Mapped "{[/course/updateCourse]}" onto public com.fenbi.mvctest.entity.FenbiResult com.fenbi.mvctest.controller.CourseControl.updatecourse(com.fenbi.mvctest.entity.Course,java.lang.String,java.lang.String)
2018-09-22 10:47:59.342  INFO 15300 --- [main] s.w.s.m.m.a.RequestMappingHandlerMapping : Mapped "{[/courseType/queryAll]}" onto public com.fenbi.mvctest.entity.FenbiResult com.fenbi.mvctest.controller.CourseTypeController.queryAll()
2018-09-22 10:47:59.348  INFO 15300 --- [main] s.w.s.m.m.a.RequestMappingHandlerMapping : Mapped "{[/lesson/coursesAndTeachers]}" onto public com.fenbi.mvctest.entity.FenbiResult com.fenbi.mvctest.controller.LessonController.getCourseAndTeacher()
2018-09-22 10:47:59.349  INFO 15300 --- [main] s.w.s.m.m.a.RequestMappingHandlerMapping : Mapped "{[/lesson/addLesson]}" onto public com.fenbi.mvctest.entity.FenbiResult com.fenbi.mvctest.controller.LessonController.addLesson(com.fenbi.mvctest.entity.Lesson,java.lang.String,java.lang.String)
2018-09-22 10:47:59.350  INFO 15300 --- [main] s.w.s.m.m.a.RequestMappingHandlerMapping : Mapped "{[/lesson/lessons]}" onto public com.fenbi.mvctest.entity.FenbiResult com.fenbi.mvctest.controller.LessonController.selectAll(java.lang.String,int)
2018-09-22 10:47:59.354  INFO 15300 --- [main] s.w.s.m.m.a.RequestMappingHandlerMapping : Mapped "{[/lesson/lessonCount]}" onto public com.fenbi.mvctest.entity.FenbiResult com.fenbi.mvctest.controller.LessonController.lessonCount(java.lang.String)
2018-09-22 10:47:59.354  INFO 15300 --- [main] s.w.s.m.m.a.RequestMappingHandlerMapping : Mapped "{[/lesson/getLessonById]}" onto public com.fenbi.mvctest.entity.FenbiResult com.fenbi.mvctest.controller.LessonController.getLessonById(int)
2018-09-22 10:47:59.354  INFO 15300 --- [main] s.w.s.m.m.a.RequestMappingHandlerMapping : Mapped "{[/lesson/alessons.do]}" onto public com.fenbi.mvctest.entity.FenbiResult com.fenbi.mvctest.controller.LessonController.selectByCourseId(int)
2018-09-22 10:47:59.355  INFO 15300 --- [main] s.w.s.m.m.a.RequestMappingHandlerMapping : Mapped "{[/lesson/delete]}" onto public com.fenbi.mvctest.entity.FenbiResult com.fenbi.mvctest.controller.LessonController.deleteLesson(int)
2018-09-22 10:47:59.355  INFO 15300 --- [main] s.w.s.m.m.a.RequestMappingHandlerMapping : Mapped "{[/lesson/update]}" onto public com.fenbi.mvctest.entity.FenbiResult com.fenbi.mvctest.controller.LessonController.updateLesson(com.fenbi.mvctest.entity.Lesson,java.lang.String,java.lang.String)
2018-09-22 10:47:59.357  INFO 15300 --- [main] s.w.s.m.m.a.RequestMappingHandlerMapping : Mapped "{[/role/update]}" onto public com.fenbi.mvctest.entity.FenbiResult com.fenbi.mvctest.controller.RoleController.update(com.fenbi.mvctest.entity.Role,int[])
2018-09-22 10:47:59.358  INFO 15300 --- [main] s.w.s.m.m.a.RequestMappingHandlerMapping : Mapped "{[/role/add]}" onto public com.fenbi.mvctest.entity.FenbiResult com.fenbi.mvctest.controller.RoleController.addRoleAndRoleFunction(java.lang.String,int[])
2018-09-22 10:47:59.358  INFO 15300 --- [main] s.w.s.m.m.a.RequestMappingHandlerMapping : Mapped "{[/role/getRole]}" onto public com.fenbi.mvctest.entity.FenbiResult com.fenbi.mvctest.controller.RoleController.getRole(int)
2018-09-22 10:47:59.358  INFO 15300 --- [main] s.w.s.m.m.a.RequestMappingHandlerMapping : Mapped "{[/role/roles]}" onto public com.fenbi.mvctest.entity.FenbiResult com.fenbi.mvctest.controller.RoleController.selectAll(java.lang.String,int)
2018-09-22 10:47:59.359  INFO 15300 --- [main] s.w.s.m.m.a.RequestMappingHandlerMapping : Mapped "{[/role/All]}" onto public com.fenbi.mvctest.entity.FenbiResult com.fenbi.mvctest.controller.RoleController.select()
2018-09-22 10:47:59.359  INFO 15300 --- [main] s.w.s.m.m.a.RequestMappingHandlerMapping : Mapped "{[/role/count]}" onto public com.fenbi.mvctest.entity.FenbiResult com.fenbi.mvctest.controller.RoleController.roleCount(java.lang.String)
2018-09-22 10:47:59.359  INFO 15300 --- [main] s.w.s.m.m.a.RequestMappingHandlerMapping : Mapped "{[/role/getFunction]}" onto public com.fenbi.mvctest.entity.FenbiResult com.fenbi.mvctest.controller.RoleController.getFunction()
2018-09-22 10:47:59.359  INFO 15300 --- [main] s.w.s.m.m.a.RequestMappingHandlerMapping : Mapped "{[/role/getRoleFunction]}" onto public com.fenbi.mvctest.entity.FenbiResult com.fenbi.mvctest.controller.RoleController.getRoleFunction(int)
2018-09-22 10:47:59.360  INFO 15300 --- [main] s.w.s.m.m.a.RequestMappingHandlerMapping : Mapped "{[/role/delete]}" onto public com.fenbi.mvctest.entity.FenbiResult com.fenbi.mvctest.controller.RoleController.deleteRole(int)
2018-09-22 10:47:59.362  INFO 15300 --- [main] s.w.s.m.m.a.RequestMappingHandlerMapping : Mapped "{[/teacher/updateStatus]}" onto public com.fenbi.mvctest.entity.FenbiResult com.fenbi.mvctest.controller.TeacherController.updateStatus(int,int)
2018-09-22 10:47:59.363  INFO 15300 --- [main] s.w.s.m.m.a.RequestMappingHandlerMapping : Mapped "{[/teacher/teachers]}" onto public com.fenbi.mvctest.entity.FenbiResult com.fenbi.mvctest.controller.TeacherController.selectAll(java.lang.String,int)
2018-09-22 10:47:59.363  INFO 15300 --- [main] s.w.s.m.m.a.RequestMappingHandlerMapping : Mapped "{[/teacher/countAll]}" onto public com.fenbi.mvctest.entity.FenbiResult com.fenbi.mvctest.controller.TeacherController.countAll(java.lang.String)
2018-09-22 10:47:59.371  INFO 15300 --- [main] s.w.s.m.m.a.RequestMappingHandlerMapping : Mapped "{[/teacher/addTeacher]}" onto public com.fenbi.mvctest.entity.FenbiResult com.fenbi.mvctest.controller.TeacherController.addTeacher(com.fenbi.mvctest.entity.Teacher,org.springframework.web.multipart.MultipartFile,javax.servlet.http.HttpServletRequest) throws java.io.IOException
2018-09-22 10:47:59.371  INFO 15300 --- [main] s.w.s.m.m.a.RequestMappingHandlerMapping : Mapped "{[/teacher/updateTeacher]}" onto public com.fenbi.mvctest.entity.FenbiResult com.fenbi.mvctest.controller.TeacherController.updateTeacher(com.fenbi.mvctest.entity.Teacher,org.springframework.web.multipart.MultipartFile,javax.servlet.http.HttpServletRequest) throws java.io.IOException
2018-09-22 10:47:59.372  INFO 15300 --- [main] s.w.s.m.m.a.RequestMappingHandlerMapping : Mapped "{[/teacher/getTeacherById]}" onto public com.fenbi.mvctest.entity.FenbiResult com.fenbi.mvctest.controller.TeacherController.getTeacherById(int)
2018-09-22 10:47:59.372  INFO 15300 --- [main] s.w.s.m.m.a.RequestMappingHandlerMapping : Mapped "{[/register.do]}" onto public com.fenbi.mvctest.entity.FenbiResult com.fenbi.mvctest.controller.TestControl.insert(com.fenbi.mvctest.entity.User)
2018-09-22 10:47:59.373  INFO 15300 --- [main] s.w.s.m.m.a.RequestMappingHandlerMapping : Mapped "{[/baidu]}" onto public java.lang.String com.fenbi.mvctest.controller.TestControl.redirect()
2018-09-22 10:47:59.374  INFO 15300 --- [main] s.w.s.m.m.a.RequestMappingHandlerMapping : Mapped "{[/login.do]}" onto public com.fenbi.mvctest.entity.FenbiResult com.fenbi.mvctest.controller.TestControl.select(java.lang.String,java.lang.String)
2018-09-22 10:47:59.388  INFO 15300 --- [main] s.w.s.m.m.a.RequestMappingHandlerMapping : Mapped "{[/listNames]}" onto public java.lang.String com.fenbi.mvctest.controller.TestControl.listNames(org.springframework.ui.Model)
2018-09-22 10:47:59.389  INFO 15300 --- [main] s.w.s.m.m.a.RequestMappingHandlerMapping : Mapped "{[/springboot/hello]}" onto public java.lang.String com.fenbi.mvctest.UserController.hello() throws com.fasterxml.jackson.core.JsonProcessingException
2018-09-22 10:47:59.395  INFO 15300 --- [main] s.w.s.m.m.a.RequestMappingHandlerMapping : Mapped "{[/error]}" onto public org.springframework.http.ResponseEntity<java.util.Map<java.lang.String, java.lang.Object>> org.springframework.boot.autoconfigure.web.BasicErrorController.error(javax.servlet.http.HttpServletRequest)
2018-09-22 10:47:59.397  INFO 15300 --- [main] s.w.s.m.m.a.RequestMappingHandlerMapping : Mapped "{[/error],produces=[text/html]}" onto public org.springframework.web.servlet.ModelAndView org.springframework.boot.autoconfigure.web.BasicErrorController.errorHtml(javax.servlet.http.HttpServletRequest,javax.servlet.http.HttpServletResponse)
2018-09-22 10:47:59.760  INFO 15300 --- [main] o.s.w.s.handler.SimpleUrlHandlerMapping  : Mapped URL path [/static/**] onto handler of type [class org.springframework.web.servlet.resource.ResourceHttpRequestHandler]
2018-09-22 10:47:59.761  INFO 15300 --- [main] o.s.w.s.handler.SimpleUrlHandlerMapping  : Mapped URL path [/webjars/**] onto handler of type [class org.springframework.web.servlet.resource.ResourceHttpRequestHandler]
2018-09-22 10:47:59.761  INFO 15300 --- [main] o.s.w.s.handler.SimpleUrlHandlerMapping  : Mapped URL path [/**] onto handler of type [class org.springframework.web.servlet.resource.ResourceHttpRequestHandler]
2018-09-22 10:47:59.916  INFO 15300 --- [main] o.s.w.s.handler.SimpleUrlHandlerMapping  : Mapped URL path [/**/favicon.ico] onto handler of type [class org.springframework.web.servlet.resource.ResourceHttpRequestHandler]
2018-09-22 10:47:59.973  INFO 15300 --- [main] oConfiguration$WelcomePageHandlerMapping : Adding welcome page: class path resource [static/index.html]
2018-09-22 10:48:00.266  INFO 15300 --- [main] o.s.j.e.a.AnnotationMBeanExporter        : Registering beans for JMX exposure on startup
2018-09-22 10:48:00.323  INFO 15300 --- [main] s.b.c.e.t.TomcatEmbeddedServletContainer : Tomcat started on port(s): 8011 (http)
2018-09-22 10:48:00.330  INFO 15300 --- [main] com.fenbi.mvctest.SpringbootApplication  : Started SpringbootApplication in 7.136 seconds (JVM running for 7.705)
2018-09-22 10:48:08.056  INFO 15300 --- [http-nio-8011-exec-1] o.a.c.c.C.[.[localhost].[/springboot]    : Initializing Spring FrameworkServlet 'dispatcherServlet'
2018-09-22 10:48:08.057  INFO 15300 --- [http-nio-8011-exec-1] o.s.web.servlet.DispatcherServlet        : FrameworkServlet 'dispatcherServlet': initialization started
2018-09-22 10:48:08.079  INFO 15300 --- [http-nio-8011-exec-1] o.s.web.servlet.DispatcherServlet        : FrameworkServlet 'dispatcherServlet': initialization completed in 22 ms
2018-09-22 10:48:08.110  INFO 15300 --- [http-nio-8011-exec-1] com.fenbi.mvctest.UserController         : hello world
